<?xml version="1.0" encoding="UTF-8"?>
<!-- Generated by org.testng.reporters.JUnitXMLReporter -->
<testsuite ignored="1" hostname="DESKTOP-57DGVKC" failures="0" tests="2" name="Education" time="0.021" errors="0" timestamp="2024-03-25T14:02:20 IST">
  <testcase classname="test.day3" name="mobileEducationLoan" time="0.002"/>
  <testcase classname="test.day3" name="webEducationLoan" time="0.008"/>
  <testcase classname="test.day3" name="apiEducationLoan" time="0.0">
    <ignored/>
  </testcase> <!-- apiEducationLoan -->
</testsuite> <!-- Education -->
