<?xml version="1.0" encoding="UTF-8"?>
<!-- Generated by org.testng.reporters.JUnitXMLReporter -->
<testsuite ignored="0" hostname="DESKTOP-57DGVKC" failures="0" tests="10" name="Sandesh" time="0.215" errors="0" timestamp="2024-03-25T14:02:20 IST">
  <testcase classname="test.TestNG" name="abc" time="0.009"/>
  <testcase classname="test.day1" name="apiCarLoan" time="0.004"/>
  <testcase classname="test.day1" name="mobileCarLoan" time="0.008"/>
  <testcase classname="test.day1" name="mobileCarLoan" time="0.007"/>
  <testcase classname="test.day1" name="mobileCarLoan" time="0.008"/>
  <testcase classname="test.day1" name="webCarLoan" time="0.013"/>
  <testcase classname="test.day2" name="webHomeLoan" time="0.006"/>
  <testcase classname="test.day4" name="apiPersonalLoan" time="0.003"/>
  <testcase classname="test.day4" name="mobilePersonalLoan" time="0.005"/>
  <testcase classname="test.day4" name="webPersonalLoan" time="0.002"/>
</testsuite> <!-- Sandesh -->
