<?xml version="1.0" encoding="UTF-8"?>
<!-- Generated by org.testng.reporters.JUnitXMLReporter -->
<testsuite ignored="0" hostname="DESKTOP-57DGVKC" failures="1" tests="5" name="Test" time="0.18" errors="0" timestamp="2024-03-25T14:42:08 IST">
  <testcase classname="test.day1" name="apiCarLoan" time="0.033">
    <failure type="java.lang.AssertionError" message="expected [true] but found [false]">
      <![CDATA[java.lang.AssertionError: expected [true] but found [false]
at test.day1.apiCarLoan(day1.java:14)
at java.base/java.util.ArrayList.forEach(ArrayList.java:1511)
... Removed 31 stack frames]]>
    </failure>
  </testcase> <!-- apiCarLoan -->
  <testcase classname="test.day1" name="mobileCarLoan" time="0.005"/>
  <testcase classname="test.day1" name="mobileCarLoan" time="0.002"/>
  <testcase classname="test.day1" name="mobileCarLoan" time="0.003"/>
  <testcase classname="test.day1" name="webCarLoan" time="0.006"/>
</testsuite> <!-- Test -->
