<?xml version="1.0" encoding="UTF-8"?>
<testng-results ignored="0" total="1" passed="1" failed="0" skipped="0">
  <reporter-output>
  </reporter-output>
  <suite started-at="2024-04-09T14:59:02 IST" name="Default suite" finished-at="2024-04-09T14:59:14 IST" duration-ms="11484">
    <groups>
    </groups>
    <test started-at="2024-04-09T14:59:02 IST" name="Default test" finished-at="2024-04-09T14:59:14 IST" duration-ms="11484">
      <class name="test.TestNG">
        <test-method is-config="true" signature="abc()[pri:0, instance:test.TestNG@55a147cc]" started-at="2024-04-09T14:59:02 IST" name="abc" finished-at="2024-04-09T14:59:13 IST" duration-ms="10936" status="PASS">
          <reporter-output>
          </reporter-output>
        </test-method> <!-- abc -->
        <test-method signature="element()[pri:0, instance:test.TestNG@55a147cc]" started-at="2024-04-09T14:59:13 IST" name="element" finished-at="2024-04-09T14:59:14 IST" duration-ms="435" status="PASS">
          <reporter-output>
          </reporter-output>
        </test-method> <!-- element -->
      </class> <!-- test.TestNG -->
    </test> <!-- Default test -->
  </suite> <!-- Default suite -->
</testng-results>
